<?xml version="1.0" encoding="UTF-8"?>
<!-- Generated by org.testng.reporters.JUnitReportReporter -->
<testsuite hostname="Computer" failures="0" tests="1" name="com.lao.auth.BearerTokenAuth" time="5.348" errors="0" timestamp="2023-04-23T17:57:11 IST" skipped="0">
  <testcase classname="com.lao.auth.BearerTokenAuth" name="bearerTokenAuth" time="5.348"/>
  <system-out/>
</testsuite> <!-- com.lao.auth.BearerTokenAuth -->
