<?xml version="1.0" encoding="UTF-8"?>
<!-- Generated by org.testng.reporters.JUnitReportReporter -->
<testsuite skipped="0" hostname="Computer" name="com.ems.json_schema_validation.NetworkNtJsonSchemaValidator" tests="1" failures="0" timestamp="2023-04-09T19:47:46 IST" time="1.305" errors="0">
  <testcase name="validateJsonSchema" time="1.305" classname="com.ems.json_schema_validation.NetworkNtJsonSchemaValidator"/>
  <system-out/>
</testsuite> <!-- com.ems.json_schema_validation.NetworkNtJsonSchemaValidator -->
