<?xml version="1.0" encoding="UTF-8"?>
<!-- Generated by org.testng.reporters.JUnitReportReporter -->
<testsuite hostname="Computer" failures="0" tests="1" name="com.lao.auth.OAuth2" time="6.430" errors="0" timestamp="2023-04-23T17:56:26 IST" skipped="0">
  <testcase classname="com.lao.auth.OAuth2" name="oAuth2" time="6.430"/>
  <system-out/>
</testsuite> <!-- com.lao.auth.OAuth2 -->
