<?xml version="1.0" encoding="UTF-8"?>
<!-- Generated by org.testng.reporters.JUnitReportReporter -->
<testsuite skipped="1" hostname="Computer" name="com.ems.json_schema_validation.RestAssuredJsonSchemaValidation" tests="2" failures="0" timestamp="2023-04-09T19:24:31 IST" time="6.656" errors="0">
  <testcase name="validationUsingMatchesJsonSchema" time="6.656" classname="com.ems.json_schema_validation.RestAssuredJsonSchemaValidation"/>
  <system-out/>
  <testcase name="validationUsingJsonSchemaInClassPath" classname="com.ems.json_schema_validation.RestAssuredJsonSchemaValidation">
    <skipped/>
  </testcase> <!-- validationUsingJsonSchemaInClassPath -->
  <system-out/>
</testsuite> <!-- com.ems.json_schema_validation.RestAssuredJsonSchemaValidation -->
