<?xml version="1.0" encoding="UTF-8"?>
<!-- Generated by org.testng.reporters.JUnitReportReporter -->
<testsuite skipped="3" hostname="Computer" name="com.ems.non_bdd.GetAllEmployees" tests="5" failures="0" timestamp="2023-04-08T21:12:03 IST" time="6.122" errors="0">
  <testcase name="updateAnEmployee" time="1.245" classname="com.ems.non_bdd.GetAllEmployees"/>
  <system-out/>
  <testcase name="getEmployee" time="4.877" classname="com.ems.non_bdd.GetAllEmployees"/>
  <system-out/>
  <testcase name="deleteEmployee" classname="com.ems.non_bdd.GetAllEmployees">
    <skipped/>
  </testcase> <!-- deleteEmployee -->
  <system-out/>
  <testcase name="getAllEmployees" classname="com.ems.non_bdd.GetAllEmployees">
    <skipped/>
  </testcase> <!-- getAllEmployees -->
  <system-out/>
  <testcase name="createAnEmployee" classname="com.ems.non_bdd.GetAllEmployees">
    <skipped/>
  </testcase> <!-- createAnEmployee -->
  <system-out/>
</testsuite> <!-- com.ems.non_bdd.GetAllEmployees -->
