<?xml version="1.0" encoding="UTF-8"?>
<!-- Generated by org.testng.reporters.JUnitReportReporter -->
<testsuite hostname="Computer" failures="0" tests="1" name="com.lao.auth.BasicAuth" time="7.341" errors="0" timestamp="2023-04-23T16:54:55 IST" skipped="0">
  <testcase classname="com.lao.auth.BasicAuth" name="basicAuth" time="7.341"/>
  <system-out/>
</testsuite> <!-- com.lao.auth.BasicAuth -->
