<?xml version="1.0" encoding="UTF-8"?>
<!-- Generated by org.testng.reporters.JUnitReportReporter -->
<testsuite skipped="4" hostname="Computer" name="com.ems.bdd_style.Employees_BDD" tests="5" failures="0" timestamp="2023-04-08T22:14:02 IST" time="4.541" errors="0">
  <testcase name="createEmployeeFromJsonFile" time="4.541" classname="com.ems.bdd_style.Employees_BDD"/>
  <system-out/>
  <testcase name="createAnEmployeeBDD" classname="com.ems.bdd_style.Employees_BDD">
    <skipped/>
  </testcase> <!-- createAnEmployeeBDD -->
  <system-out/>
  <testcase name="deleteAnEmployeeBDD" classname="com.ems.bdd_style.Employees_BDD">
    <skipped/>
  </testcase> <!-- deleteAnEmployeeBDD -->
  <system-out/>
  <testcase name="updateAnEmployeeBDD" classname="com.ems.bdd_style.Employees_BDD">
    <skipped/>
  </testcase> <!-- updateAnEmployeeBDD -->
  <system-out/>
  <testcase name="getAllEmployeesBDD" classname="com.ems.bdd_style.Employees_BDD">
    <skipped/>
  </testcase> <!-- getAllEmployeesBDD -->
  <system-out/>
</testsuite> <!-- com.ems.bdd_style.Employees_BDD -->
