<?xml version="1.0" encoding="UTF-8"?>
<!-- Generated by org.testng.reporters.JUnitReportReporter -->
<testsuite hostname="Computer" failures="0" tests="3" name="com.ems.extra_concepts.RequestSpecificationExample" time="2.752" errors="0" timestamp="2023-04-23T16:42:24 IST" skipped="0">
  <testcase classname="com.ems.extra_concepts.RequestSpecificationExample" name="getAllEmployeesBDD" time="0.147"/>
  <system-out/>
  <testcase classname="com.ems.extra_concepts.RequestSpecificationExample" name="createAnEmployeeBDD" time="2.558"/>
  <system-out/>
  <testcase classname="com.ems.extra_concepts.RequestSpecificationExample" name="getAnEmployeeBDD" time="0.047"/>
  <system-out/>
</testsuite> <!-- com.ems.extra_concepts.RequestSpecificationExample -->
