<?xml version="1.0" encoding="UTF-8"?>
<!-- Generated by org.testng.reporters.JUnitReportReporter -->
<testsuite hostname="Computer" failures="0" tests="2" name="com.lao.auth.ApiKeyAuth" time="5.381" errors="0" timestamp="2023-04-23T17:17:31 IST" skipped="0">
  <testcase classname="com.lao.auth.ApiKeyAuth" name="basicAuth" time="0.745"/>
  <system-out/>
  <testcase classname="com.lao.auth.ApiKeyAuth" name="apiKeyUsingParams" time="4.636"/>
  <system-out/>
</testsuite> <!-- com.lao.auth.ApiKeyAuth -->
