<?xml version="1.0" encoding="UTF-8"?>
<!-- Generated by org.testng.reporters.JUnitReportReporter -->
<testsuite skipped="0" hostname="Computer" name="com.ems.json_schema_validation.HamcresterMatcherJsonSchemaValidation" tests="1" failures="0" timestamp="2023-04-09T19:57:59 IST" time="3.169" errors="0">
  <testcase name="validate" time="3.169" classname="com.ems.json_schema_validation.HamcresterMatcherJsonSchemaValidation"/>
  <system-out/>
</testsuite> <!-- com.ems.json_schema_validation.HamcresterMatcherJsonSchemaValidation -->
