<?xml version="1.0" encoding="UTF-8"?>
<!-- Generated by org.testng.reporters.JUnitReportReporter -->
<testsuite skipped="0" hostname="Computer" name="com.ems.bdd_style.GetAllEmployees" tests="1" failures="0" timestamp="2023-04-08T21:38:47 IST" time="4.879" errors="0">
  <testcase name="getAllEmployees" time="4.879" classname="com.ems.bdd_style.GetAllEmployees"/>
  <system-out/>
</testsuite> <!-- com.ems.bdd_style.GetAllEmployees -->
