<?xml version="1.0" encoding="UTF-8"?>
<!-- Generated by org.testng.reporters.JUnitReportReporter -->
<testsuite skipped="0" hostname="Computer" name="com.ems.extra_concepts.Serialization" tests="1" failures="0" timestamp="2023-04-09T14:20:17 IST" time="10.396" errors="0">
  <testcase name="serialization" time="10.396" classname="com.ems.extra_concepts.Serialization"/>
  <system-out/>
</testsuite> <!-- com.ems.extra_concepts.Serialization -->
